<?xml version="1.0" encoding="UTF-8"?>
<testsuite name="Login saucelabs app" tests="1" skipped="0" failures="0" errors="0" timestamp="2023-04-04T22:57:47" hostname="LAPTOP-7C2GORMF" time="226.923">
  <properties/>
  <testcase name="Login with valid credentials" classname="Login saucelabs app" time="226.923"/>
  <system-out><![CDATA[]]></system-out>
  <system-err><![CDATA[[Test worker] INFO io.cucumber.core.plugin.SerenityReporter - Running feature from file:///C:/Users/rolin/Sofka%20U/Appium-Screenplay--IOS/Serenity-Screenplay-saucelabs-IOS/src/test/resources/features/login.feature
[Test worker] INFO  - 
  _____   ___   ___   _____     ___   _____     _     ___   _____   ___   ___  
 |_   _| | __| / __| |_   _|   / __| |_   _|   /_\   | _ \ |_   _| | __| |   \ 
   | |   | _|  \__ \   | |     \__ \   | |    / _ \  |   /   | |   | _|  | |) |
   |_|   |___| |___/   |_|     |___/   |_|   /_/ \_\ |_|_\   |_|   |___| |___/ 

Login with valid credentials(login-saucelabs-app;login-with-valid-credentials)
--------------------------------------------------------------------------------
[Test worker] INFO net.thucydides.core.model.TestOutcome - SetUserStory Login saucelabs app
[Test worker] INFO net.thucydides.core.model.TestOutcome - SetUserStory Login saucelabs app
abr. 04, 2023 5:58:12 P. M. io.appium.java_client.remote.AppiumCommandExecutor$1 lambda$0
INFO: Detected dialect: W3C
[Test worker] INFO  - 
  _____   ___   ___   _____     ___     _     ___   ___   ___   ___  
 |_   _| | __| / __| |_   _|   | _ \   /_\   / __| / __| | __| |   \ 
   | |   | _|  \__ \   | |     |  _/  / _ \  \__ \ \__ \ | _|  | |) |
   |_|   |___| |___/   |_|     |_|   /_/ \_\ |___/ |___/ |___| |___/ 

Login with valid credentials
----------------------------------------------------------------------
]]></system-err>
</testsuite>
